[2026-05-12T00:15:55.612+0000] {local_task_job_runner.py:120} INFO - ::group::Pre task execution logs
[2026-05-12T00:15:55.636+0000] {taskinstance.py:2076} INFO - Dependencies all met for dep_context=non-requeueable deps ti=<TaskInstance: news_pipeline.run_etl_pipeline scheduled__2026-05-11T00:00:00+00:00 [queued]>
[2026-05-12T00:15:55.639+0000] {taskinstance.py:2076} INFO - Dependencies all met for dep_context=requeueable deps ti=<TaskInstance: news_pipeline.run_etl_pipeline scheduled__2026-05-11T00:00:00+00:00 [queued]>
[2026-05-12T00:15:55.639+0000] {taskinstance.py:2306} INFO - Starting attempt 1 of 1
[2026-05-12T00:15:55.645+0000] {taskinstance.py:2330} INFO - Executing <Task(BashOperator): run_etl_pipeline> on 2026-05-11 00:00:00+00:00
[2026-05-12T00:15:55.652+0000] {standard_task_runner.py:63} INFO - Started process 723 to run task
[2026-05-12T00:15:55.669+0000] {standard_task_runner.py:90} INFO - Running: ['airflow', 'tasks', 'run', 'news_pipeline', 'run_etl_pipeline', 'scheduled__2026-05-11T00:00:00+00:00', '--job-id', '5', '--raw', '--subdir', 'DAGS_FOLDER/news_pipeline_dag.py', '--cfg-path', '/tmp/tmp91cy16o9']
[2026-05-12T00:15:55.679+0000] {standard_task_runner.py:91} INFO - Job 5: Subtask run_etl_pipeline
[2026-05-12T00:15:55.731+0000] {task_command.py:426} INFO - Running <TaskInstance: news_pipeline.run_etl_pipeline scheduled__2026-05-11T00:00:00+00:00 [running]> on host 6220c7d4145b
[2026-05-12T00:15:55.837+0000] {taskinstance.py:2648} INFO - Exporting env vars: AIRFLOW_CTX_DAG_OWNER='redouane' AIRFLOW_CTX_DAG_ID='news_pipeline' AIRFLOW_CTX_TASK_ID='run_etl_pipeline' AIRFLOW_CTX_EXECUTION_DATE='2026-05-11T00:00:00+00:00' AIRFLOW_CTX_TRY_NUMBER='1' AIRFLOW_CTX_DAG_RUN_ID='scheduled__2026-05-11T00:00:00+00:00'
[2026-05-12T00:15:55.838+0000] {taskinstance.py:430} INFO - ::endgroup::
[2026-05-12T00:15:55.875+0000] {subprocess.py:63} INFO - Tmp dir root location: /tmp
[2026-05-12T00:15:55.877+0000] {subprocess.py:75} INFO - Running command: ['/usr/bin/bash', '-c', 'cd /app && python main.py']
[2026-05-12T00:15:55.906+0000] {subprocess.py:86} INFO - Output:
[2026-05-12T00:16:05.481+0000] {subprocess.py:93} INFO - Hespress links found: 10
[2026-05-12T00:16:05.484+0000] {subprocess.py:93} INFO - ✔ Hespress: https://www.hespress.com/%d8%a8%d9%8a%d8%a7%d9%86-%d8%b6%d8%af-%d8%a7%d9%84%d9%87%d9%8e%d8%b1%d9%92%d9%83%d8%a7%d9%88%d9%90%d9%8a%d9%8e%d8%a9-%d9%88%d8%a7%d9%84%d9%81%d9%92%d8%b1%d9%8e%d8%a7%d9%82%d9%92%d8%b4%d9%90%d9%8a-1743298.html
[2026-05-12T00:16:05.485+0000] {subprocess.py:93} INFO - ❌ Failed: https://www.hespress.com/%d8%a7%d9%84%d8%af%d9%8a%d9%85%d9%82%d8%b1%d8%a7%d8%b7%d9%8a%d8%a9-%d8%a3%d9%88%d9%84%d8%a7-%d8%a3%d9%85-%d8%a7%d9%84%d8%aa%d9%86%d9%85%d9%8a%d8%a9%d8%9f-1743666.html | HTTPSConnectionPool(host='www.hespress.com', port=443): Max retries exceeded with url: /%D8%A7%D9%84%D8%AF%D9%8A%D9%85%D9%82%D8%B1%D8%A7%D8%B7%D9%8A%D8%A9-%D8%A3%D9%88%D9%84%D8%A7-%D8%A3%D9%85-%D8%A7%D9%84%D8%AA%D9%86%D9%85%D9%8A%D8%A9%D8%9F-1743666.html (Caused by SSLError(SSLEOFError(8, '[SSL: UNEXPECTED_EOF_WHILE_READING] EOF occurred in violation of protocol (_ssl.c:1000)')))
[2026-05-12T00:16:05.485+0000] {subprocess.py:93} INFO - ✔ Hespress: https://www.hespress.com/%d8%a7%d9%84%d9%82%d8%b7%d8%a7%d8%b9-%d8%ba%d9%8a%d8%b1-%d8%a7%d9%84%d9%85%d9%87%d9%8a%d9%83%d9%84-%d9%8a%d8%b9%d8%b1%d9%82%d9%84-%d8%aa%d9%88%d8%b3%d8%b9-%d8%a7%d9%84%d8%af%d9%81%d8%b9-%d8%a7%d9%84-1743359.html
[2026-05-12T00:16:05.486+0000] {subprocess.py:93} INFO - ✔ Hespress: https://www.hespress.com/%d8%a3%d8%ae%d9%86%d9%88%d8%b4-%d9%8a%d8%ad%d8%b6%d8%b1-%d8%b9%d8%b4%d8%a7%d8%a1-%d9%82%d9%85%d8%a9-%d9%86%d9%8a%d8%b1%d9%88%d8%a8%d9%8a-1745481.html
[2026-05-12T00:16:05.486+0000] {subprocess.py:93} INFO - ✔ Hespress: https://www.hespress.com/%d8%a7%d8%b3%d8%aa%d9%82%d8%a7%d9%84%d8%a9-%d8%ac%d9%85%d8%a7%d8%b9%d9%8a%d8%a9-%d9%84%d9%85%d8%b3%d8%aa%d8%b4%d8%a7%d8%b1%d9%8a%d9%86-%d8%a8%d8%b3%d8%b7%d8%a7%d8%aa-1745273.html
[2026-05-12T00:16:05.486+0000] {subprocess.py:93} INFO - ✔ Hespress: https://www.hespress.com/%d8%a7%d9%84%d9%83%d8%a7%d9%81-%d8%aa%d8%b1%d9%81%d8%b6-%d8%a7%d8%b9%d8%aa%d8%b1%d8%a7%d8%b6-%d9%86%d8%a7%d8%af%d9%8a-%d8%a7%d9%84%d8%ac%d9%8a%d8%b4-1745351.html
[2026-05-12T00:16:05.486+0000] {subprocess.py:93} INFO - ✔ Hespress: https://www.hespress.com/%d8%a7%d9%84%d8%b1%d8%a8%d8%a7%d8%b7-%d8%aa%d8%ab%d9%85%d9%86-%d8%a7%d9%84%d9%85%d8%b4%d8%b1%d9%88%d8%b9-%d8%a7%d9%84%d9%88%d8%b7%d9%86%d9%8a-%d9%84%d9%84%d9%82%d8%b1%d8%a7%d8%a1%d8%a9-1745457.html
[2026-05-12T00:16:05.487+0000] {subprocess.py:93} INFO - ✔ Hespress: https://www.hespress.com/%d8%b3%d8%b9%d8%af-%d9%84%d9%85%d8%ac%d8%b1%d8%af-%d9%8a%d9%85%d8%ab%d9%84-%d9%85%d8%ac%d8%af%d8%af%d8%a7%d9%8b-%d8%a3%d9%85%d8%a7%d9%85-%d8%a7%d9%84%d9%82%d8%b6%d8%a7%d8%a1-%d8%a7%d9%84%d9%81%d8%b1-1745063.html
[2026-05-12T00:16:05.487+0000] {subprocess.py:93} INFO - ✔ Hespress: https://www.hespress.com/%d8%a8%d8%b9%d8%af-%d8%b3%d9%86%d8%aa%d9%8a%d9%86-%d8%ae%d9%84%d9%81-%d8%a3%d8%b3%d9%88%d8%a7%d8%b1-%d8%a7%d9%84%d8%ba%d8%b1%d8%a8%d8%a9-%d9%85%d8%ba%d8%a7%d8%b1%d8%a8%d8%a9-%d9%85%d8%ad%d8%aa%d8%ac-1745179.html
[2026-05-12T00:16:05.487+0000] {subprocess.py:93} INFO - ✔ Hespress: https://www.hespress.com/%d8%ad%d8%b3%d9%86%d9%8a%d8%a9-%d8%a3%d9%83%d8%a7%d8%af%d9%8a%d8%b1-%d9%8a%d8%ad%d8%aa%d8%ac-%d8%b9%d9%84%d9%89-%d8%a7%d9%84%d8%aa%d8%ad%d9%83%d9%8a%d9%85-1745092.html
[2026-05-12T00:16:05.488+0000] {subprocess.py:93} INFO - Akhbarona links found: 10
[2026-05-12T00:16:05.488+0000] {subprocess.py:93} INFO - ✔ Akhbarona: https://www.akhbarona.com/economy/425550.html
[2026-05-12T00:16:05.488+0000] {subprocess.py:93} INFO - ✔ Akhbarona: https://www.akhbarona.com/advertising.html
[2026-05-12T00:16:05.488+0000] {subprocess.py:93} INFO - ✔ Akhbarona: https://www.akhbarona.com/economy/425620.html
[2026-05-12T00:16:05.488+0000] {subprocess.py:93} INFO - ✔ Akhbarona: https://www.akhbarona.com/divers/425618.html
[2026-05-12T00:16:05.488+0000] {subprocess.py:93} INFO - ✔ Akhbarona: https://www.akhbarona.com/videos/index.1.html
[2026-05-12T00:16:05.489+0000] {subprocess.py:93} INFO - ✔ Akhbarona: https://www.akhbarona.com/politic/425649.html
[2026-05-12T00:16:05.489+0000] {subprocess.py:93} INFO - ✔ Akhbarona: https://www.akhbarona.com/caricature/413047.html
[2026-05-12T00:16:05.489+0000] {subprocess.py:93} INFO - ✔ Akhbarona: https://www.akhbarona.com/national/425639.html
[2026-05-12T00:16:05.489+0000] {subprocess.py:93} INFO - ✔ Akhbarona: https://www.akhbarona.com/education/425500.html
[2026-05-12T00:16:05.489+0000] {subprocess.py:93} INFO - ✔ Akhbarona: https://www.akhbarona.com/writers/424916.html
[2026-05-12T00:16:05.489+0000] {subprocess.py:93} INFO - Total articles scraped: 19 ✅
[2026-05-12T00:16:05.489+0000] {subprocess.py:93} INFO - Silver layer created ✅
[2026-05-12T00:16:05.489+0000] {subprocess.py:93} INFO - Gold metrics created ✅
[2026-05-12T00:16:05.489+0000] {subprocess.py:93} INFO - Top keywords created ✅
[2026-05-12T00:16:05.489+0000] {subprocess.py:93} INFO - Articles loaded ✅
[2026-05-12T00:16:05.489+0000] {subprocess.py:93} INFO - Keywords loaded ✅
[2026-05-12T00:16:05.490+0000] {subprocess.py:93} INFO - Data loaded to PostgreSQL 🚀
[2026-05-12T00:16:05.490+0000] {subprocess.py:93} INFO - Pipeline DONE 🚀
[2026-05-12T00:16:05.572+0000] {subprocess.py:97} INFO - Command exited with return code 0
[2026-05-12T00:16:05.574+0000] {taskinstance.py:441} INFO - ::group::Post task execution logs
[2026-05-12T00:16:05.622+0000] {taskinstance.py:1206} INFO - Marking task as SUCCESS. dag_id=news_pipeline, task_id=run_etl_pipeline, run_id=scheduled__2026-05-11T00:00:00+00:00, execution_date=20260511T000000, start_date=20260512T001555, end_date=20260512T001605
[2026-05-12T00:16:05.655+0000] {local_task_job_runner.py:240} INFO - Task exited with return code 0
[2026-05-12T00:16:05.689+0000] {taskinstance.py:3498} INFO - 0 downstream tasks scheduled from follow-on schedule check
[2026-05-12T00:16:05.689+0000] {local_task_job_runner.py:222} INFO - ::endgroup::
