[2026-05-15T00:26:38.580+0000] {local_task_job_runner.py:120} INFO - ::group::Pre task execution logs
[2026-05-15T00:26:38.607+0000] {taskinstance.py:2076} INFO - Dependencies all met for dep_context=non-requeueable deps ti=<TaskInstance: news_pipeline.run_etl_pipeline scheduled__2026-05-14T00:00:00+00:00 [queued]>
[2026-05-15T00:26:38.610+0000] {taskinstance.py:2076} INFO - Dependencies all met for dep_context=requeueable deps ti=<TaskInstance: news_pipeline.run_etl_pipeline scheduled__2026-05-14T00:00:00+00:00 [queued]>
[2026-05-15T00:26:38.610+0000] {taskinstance.py:2306} INFO - Starting attempt 1 of 1
[2026-05-15T00:26:38.617+0000] {taskinstance.py:2330} INFO - Executing <Task(BashOperator): run_etl_pipeline> on 2026-05-14 00:00:00+00:00
[2026-05-15T00:26:38.641+0000] {standard_task_runner.py:63} INFO - Started process 2924 to run task
[2026-05-15T00:26:38.655+0000] {standard_task_runner.py:90} INFO - Running: ['airflow', 'tasks', 'run', 'news_pipeline', 'run_etl_pipeline', 'scheduled__2026-05-14T00:00:00+00:00', '--job-id', '8', '--raw', '--subdir', 'DAGS_FOLDER/news_pipeline_dag.py', '--cfg-path', '/tmp/tmpy9bkmmtc']
[2026-05-15T00:26:38.662+0000] {standard_task_runner.py:91} INFO - Job 8: Subtask run_etl_pipeline
[2026-05-15T00:26:38.756+0000] {task_command.py:426} INFO - Running <TaskInstance: news_pipeline.run_etl_pipeline scheduled__2026-05-14T00:00:00+00:00 [running]> on host 6220c7d4145b
[2026-05-15T00:26:38.887+0000] {taskinstance.py:2648} INFO - Exporting env vars: AIRFLOW_CTX_DAG_OWNER='redouane' AIRFLOW_CTX_DAG_ID='news_pipeline' AIRFLOW_CTX_TASK_ID='run_etl_pipeline' AIRFLOW_CTX_EXECUTION_DATE='2026-05-14T00:00:00+00:00' AIRFLOW_CTX_TRY_NUMBER='1' AIRFLOW_CTX_DAG_RUN_ID='scheduled__2026-05-14T00:00:00+00:00'
[2026-05-15T00:26:38.888+0000] {taskinstance.py:430} INFO - ::endgroup::
[2026-05-15T00:26:38.917+0000] {subprocess.py:63} INFO - Tmp dir root location: /tmp
[2026-05-15T00:26:38.919+0000] {subprocess.py:75} INFO - Running command: ['/usr/bin/bash', '-c', 'cd /app && python main.py']
[2026-05-15T00:26:38.946+0000] {subprocess.py:86} INFO - Output:
[2026-05-15T00:26:47.559+0000] {subprocess.py:93} INFO - Hespress links found: 10
[2026-05-15T00:26:47.569+0000] {subprocess.py:93} INFO - ✔ Hespress: https://www.hespress.com/%d9%85%d8%ad%d8%b7%d8%a7%d8%aa-%d8%a8%d8%a7%d8%b1%d8%b2%d8%a9-%d9%81%d9%8a-%d9%82%d9%85%d9%91%d8%a9-%d8%b4%d9%8a-%d9%88%d8%aa%d8%b1%d8%a7%d9%85%d8%a8-%d9%85%d8%b5%d8%a7%d9%81%d8%ad%d8%a9-%d8%a8-1746821.html
[2026-05-15T00:26:47.569+0000] {subprocess.py:93} INFO - ✔ Hespress: https://www.hespress.com/%d9%87%d8%a7%d9%86%d8%aa%d8%a7-%d9%8a%d8%b1%d9%81%d8%b9-%d8%a7%d9%84%d9%8a%d9%82%d8%b8%d8%a9-%d9%81%d9%8a-%d8%a7%d9%84%d9%85%d8%ba%d8%b1%d8%a8-1745427.html
[2026-05-15T00:26:47.570+0000] {subprocess.py:93} INFO - ✔ Hespress: https://www.hespress.com/%d8%a7%d9%84%d9%86%d9%82%d8%af-%d8%a7%d9%84%d8%a7%d8%ad%d8%aa%d9%81%d8%a7%d9%84%d9%8a-1744283.html
[2026-05-15T00:26:47.570+0000] {subprocess.py:93} INFO - ✔ Hespress: https://www.hespress.com/%d8%a7%d9%84%d8%aa%d8%b9%d9%84%d9%8a%d9%85-%d8%a7%d9%84%d8%b9%d8%a7%d9%84%d9%8a-%d9%8a%d8%aa%d9%82%d8%af%d9%85-%d9%81%d9%8a-%d9%85%d8%b3%d8%a7%d8%b1-%d8%aa%d8%b3%d9%88%d9%8a%d8%a9-%d9%85%d9%84%d9%81-1746498.html
[2026-05-15T00:26:47.571+0000] {subprocess.py:93} INFO - ✔ Hespress: https://www.hespress.com/%d8%a7%d9%84%d9%85%d9%84%d9%83-%d9%8a%d8%ab%d9%85%d9%86-%d8%a3%d8%af%d9%88%d8%a7%d8%b1-%d8%a7%d9%84%d8%ac%d9%8a%d8%b4-%d9%81%d9%8a-%d8%a7%d9%84%d8%a5%d8%ba%d8%a7%d8%ab%d8%a9-%d9%88%d9%8a%d8%a4%d9%83-1746631.html
[2026-05-15T00:26:47.571+0000] {subprocess.py:93} INFO - ✔ Hespress: https://www.hespress.com/%d8%ad%d8%ac%d8%a7%d8%ac-%d9%85%d9%83%d9%81%d9%88%d9%81%d9%88%d9%86-%d9%8a%d9%82%d8%b5%d8%af%d9%88%d9%86-%d9%85%d9%83%d8%a9-1747150.html
[2026-05-15T00:26:47.571+0000] {subprocess.py:93} INFO - ✔ Hespress: https://www.hespress.com/%d8%a8%d9%88%d8%b1%d9%8a%d8%b7%d8%a9-%d8%a7%d9%84%d9%85%d8%ba%d8%b1%d8%a8-%d9%8a%d8%af%d8%b9%d9%85-%d8%b3%d9%8a%d8%a7%d8%af%d8%a9-%d8%b3%d9%88%d8%b1%d9%8a%d8%a7-%d9%88%d8%a5%d8%b9%d8%a7%d8%af-1746738.html
[2026-05-15T00:26:47.572+0000] {subprocess.py:93} INFO - ✔ Hespress: https://www.hespress.com/%d8%a8%d8%af%d9%88%d9%86-%d8%b9%d9%86%d9%88%d8%a7%d9%86-%d8%a7%d9%84%d8%aa%d8%ac%d9%85%d9%8a%d9%84-%d8%a7%d9%84%d8%b9%d8%b4%d9%88%d8%a7%d8%a6%d9%8a-%d9%85%d9%86-%d8%a5%d9%86%d8%b3%d8%aa%d8%ba%d8%b1-1725118.html
[2026-05-15T00:26:47.572+0000] {subprocess.py:93} INFO - ✔ Hespress: https://www.hespress.com/%d8%a7%d9%81%d8%aa%d8%ad%d8%a7%d8%b5-%d9%8a%d9%83%d8%b1%d8%b3-%d8%b1%d9%8a%d8%a7%d8%af%d8%a9-srm-%d8%a7%d9%84%d8%a8%d9%8a%d8%b6%d8%a7%d8%a1-1747013.html
[2026-05-15T00:26:47.572+0000] {subprocess.py:93} INFO - ✔ Hespress: https://www.hespress.com/%d8%a7%d9%86%d8%aa%d8%ae%d8%a7%d8%a8-%d8%b3%d8%a7%d9%84%d9%85-%d8%a7%d9%84%d9%85%d8%a7%d9%84%d9%83-%d9%85%d8%af%d9%8a%d8%b1%d8%a7-%d8%b9%d8%a7%d9%85%d8%a7-%d9%84%d9%84%d8%a5%d9%8a%d8%b3%d9%8a%d8%b3-1746237.html
[2026-05-15T00:26:47.573+0000] {subprocess.py:93} INFO - Akhbarona links found: 10
[2026-05-15T00:26:47.573+0000] {subprocess.py:93} INFO - ✔ Akhbarona: https://www.akhbarona.com/politic/425793.html
[2026-05-15T00:26:47.573+0000] {subprocess.py:93} INFO - ✔ Akhbarona: https://www.akhbarona.com/national/425798.html
[2026-05-15T00:26:47.573+0000] {subprocess.py:93} INFO - ✔ Akhbarona: https://www.akhbarona.com/society/425794.html
[2026-05-15T00:26:47.574+0000] {subprocess.py:93} INFO - ✔ Akhbarona: https://www.akhbarona.com/religion/425772.html
[2026-05-15T00:26:47.574+0000] {subprocess.py:93} INFO - ✔ Akhbarona: https://www.akhbarona.com/videos/index.1.html
[2026-05-15T00:26:47.574+0000] {subprocess.py:93} INFO - ✔ Akhbarona: https://www.akhbarona.com/technology/425828.html
[2026-05-15T00:26:47.574+0000] {subprocess.py:93} INFO - ✔ Akhbarona: https://www.akhbarona.com/society/425805.html
[2026-05-15T00:26:47.574+0000] {subprocess.py:93} INFO - ✔ Akhbarona: https://www.akhbarona.com/technology/425776.html
[2026-05-15T00:26:47.574+0000] {subprocess.py:93} INFO - ✔ Akhbarona: https://www.akhbarona.com/team.html
[2026-05-15T00:26:47.574+0000] {subprocess.py:93} INFO - ✔ Akhbarona: https://www.akhbarona.com/writers/425113.html
[2026-05-15T00:26:47.575+0000] {subprocess.py:93} INFO - Total articles scraped: 20 ✅
[2026-05-15T00:26:47.575+0000] {subprocess.py:93} INFO - Silver layer created ✅
[2026-05-15T00:26:47.575+0000] {subprocess.py:93} INFO - Gold metrics created ✅
[2026-05-15T00:26:47.575+0000] {subprocess.py:93} INFO - Top keywords created ✅
[2026-05-15T00:26:47.575+0000] {subprocess.py:93} INFO - Articles loaded ✅
[2026-05-15T00:26:47.575+0000] {subprocess.py:93} INFO - Keywords loaded ✅
[2026-05-15T00:26:47.575+0000] {subprocess.py:93} INFO - Data loaded to PostgreSQL 🚀
[2026-05-15T00:26:47.575+0000] {subprocess.py:93} INFO - Pipeline DONE 🚀
[2026-05-15T00:26:47.659+0000] {subprocess.py:97} INFO - Command exited with return code 0
[2026-05-15T00:26:47.662+0000] {taskinstance.py:441} INFO - ::group::Post task execution logs
[2026-05-15T00:26:47.703+0000] {taskinstance.py:1206} INFO - Marking task as SUCCESS. dag_id=news_pipeline, task_id=run_etl_pipeline, run_id=scheduled__2026-05-14T00:00:00+00:00, execution_date=20260514T000000, start_date=20260515T002638, end_date=20260515T002647
[2026-05-15T00:26:47.738+0000] {local_task_job_runner.py:240} INFO - Task exited with return code 0
[2026-05-15T00:26:47.783+0000] {taskinstance.py:3498} INFO - 0 downstream tasks scheduled from follow-on schedule check
[2026-05-15T00:26:47.784+0000] {local_task_job_runner.py:222} INFO - ::endgroup::
